<?xml version="1.0" encoding="UTF-8"?>
<!-- Generated by org.testng.reporters.JUnitReportReporter -->
<testsuite skipped="0" hostname="Mudassir-HP" name="com.qa.amazon.testCases.LoginPageTest" tests="2" failures="0" timestamp="2020-05-26T16:37:56 IST" time="24.048" errors="0">
  <testcase name="PageTitleTest" time="9.194" classname="com.qa.amazon.testCases.LoginPageTest"/>
  <system-out/>
  <testcase name="validateErrorMessageTest" time="14.854" classname="com.qa.amazon.testCases.LoginPageTest"/>
  <system-out/>
</testsuite> <!-- com.qa.amazon.testCases.LoginPageTest -->
